18:24:02 com_github_zykrah_kicad-kle-placer.kle_placer_action 497: Plugin executed with python version: '3.11.5 (main, Apr  9 2024, 02:53:56) [MSC v.1936 64 bit (AMD64)]'
18:24:08 com_github_zykrah_kicad-kle-placer.kle_placer_action 512: User layout: Keyboard(meta=KeyboardMetadata(backcolor='#eeeeee', name='', author='', notes='', background=None, radii='', switchMount='', switchBrand='', switchType='', plate=False, pcb=False), keys=[Key(color='#cccccc', labels=['NUM', '', '', 'Lock', '', '', '', '', '', '', '', ''], text_color=[None, None, None, None, None, None, None, None, None, None, None, None], text_size=[None, None, None, None, None, None, None, None, None, None, None, None], default=KeyDefault(text_color='#000000', text_size=3), x=0.0, y=1.25, width=1.0, height=1.0, x2=0.0, y2=0.0, width2=1.0, height2=1.0, rotation_x=0.0, rotation_y=0.0, rotation_angle=0.0, decal=False, ghost=False, stepped=False, nub=False, profile='', sm='', sb='', st=''), Key(color='#cccccc', labels=['', '', '', '', '', '', '', '', '', '', '', ''], text_color=[None, None, None, None, None, None, None, None, None, None, None, None], text_size=[None, None, None, None, None, None, None, None, None, None, None, None], default=KeyDefault(text_color='#000000', text_size=3), x=1.0, y=1.25, width=1, height=1, x2=0, y2=0, width2=1, height2=1, rotation_x=0.0, rotation_y=0.0, rotation_angle=0.0, decal=False, ghost=False, stepped=False, nub=False, profile='', sm='', sb='', st=''), Key(color='#cccccc', labels=['', '', '', '', '', '', '', '', '', '', '', ''], text_color=[None, None, None, None, None, None, None, None, None, None, None, None], text_size=[None, None, None, None, None, None, None, None, None, None, None, None], default=KeyDefault(text_color='#000000', text_size=3), x=2.0, y=1.25, width=1, height=1, x2=0, y2=0, width2=1, height2=1, rotation_x=0.0, rotation_y=0.0, rotation_angle=0.0, decal=False, ghost=False, stepped=False, nub=False, profile='', sm='', sb='', st=''), Key(color='#cccccc', labels=['', '', '', '', '', '', '', '', '', '', '', ''], text_color=[None, None, None, None, None, None, None, None, None, None, None, None], text_size=[None, None, None, None, None, None, None, None, None, None, None, None], default=KeyDefault(text_color='#000000', text_size=3), x=3.0, y=1.25, width=1, height=1, x2=0, y2=0, width2=1, height2=1, rotation_x=0.0, rotation_y=0.0, rotation_angle=0.0, decal=False, ghost=False, stepped=False, nub=False, profile='', sm='', sb='', st=''), Key(color='#cccccc', labels=['7', '', '', '', '', '', 'Home', '', '', '', '', ''], text_color=[None, None, None, None, None, None, None, None, None, None, None, None], text_size=[None, None, None, None, None, None, None, None, None, None, None, None], default=KeyDefault(text_color='#000000', text_size=3), x=0.0, y=2.25, width=1, height=1, x2=0, y2=0, width2=1, height2=1, rotation_x=0.0, rotation_y=0.0, rotation_angle=0.0, decal=False, ghost=False, stepped=False, nub=False, profile='', sm='', sb='', st=''), Key(color='#cccccc', labels=['8', '', '', '', '', '', '↑', '', '', '', '', ''], text_color=[None, None, None, None, None, None, None, None, None, None, None, None], text_size=[None, None, None, None, None, None, None, None, None, None, None, None], default=KeyDefault(text_color='#000000', text_size=3), x=1.0, y=2.25, width=1, height=1, x2=0, y2=0, width2=1, height2=1, rotation_x=0.0, rotation_y=0.0, rotation_angle=0.0, decal=False, ghost=False, stepped=False, nub=False, profile='', sm='', sb='', st=''), Key(color='#cccccc', labels=['9', '', '', '', '', '', 'PgUp', '', '', '', '', ''], text_color=[None, None, None, None, None, None, None, None, None, None, None, None], text_size=[None, None, None, None, None, None, None, None, None, None, None, None], default=KeyDefault(text_color='#000000', text_size=3), x=2.0, y=2.25, width=1, height=1, x2=0, y2=0, width2=1, height2=1, rotation_x=0.0, rotation_y=0.0, rotation_angle=0.0, decal=False, ghost=False, stepped=False, nub=False, profile='', sm='', sb='', st=''), Key(color='#cccccc', labels=['', '', '', '', '', '', '', '', '', '', '', ''], text_color=[None, None, None, None, None, None, None, None, None, None, None, None], text_size=[None, None, None, None, None, None, None, None, None, None, None, None], default=KeyDefault(text_color='#000000', text_size=3), x=3.0, y=2.25, width=1, height=2, x2=0, y2=0, width2=1, height2=2, rotation_x=0.0, rotation_y=0.0, rotation_angle=0.0, decal=False, ghost=False, stepped=False, nub=False, profile='', sm='', sb='', st=''), Key(color='#cccccc', labels=['4', '', '', '', '', '', '←', '', '', '', '', ''], text_color=[None, None, None, None, None, None, None, None, None, None, None, None], text_size=[None, None, None, None, None, None, None, None, None, None, None, None], default=KeyDefault(text_color='#000000', text_size=3), x=0.0, y=3.25, width=1, height=1, x2=0, y2=0, width2=1, height2=1, rotation_x=0.0, rotation_y=0.0, rotation_angle=0.0, decal=False, ghost=False, stepped=False, nub=False, profile='', sm='', sb='', st=''), Key(color='#cccccc', labels=['5', '', '', '', '', '', '', '', '', '', '', ''], text_color=[None, None, None, None, None, None, None, None, None, None, None, None], text_size=[None, None, None, None, None, None, None, None, None, None, None, None], default=KeyDefault(text_color='#000000', text_size=3), x=1.0, y=3.25, width=1, height=1, x2=0, y2=0, width2=1, height2=1, rotation_x=0.0, rotation_y=0.0, rotation_angle=0.0, decal=False, ghost=False, stepped=False, nub=False, profile='', sm='', sb='', st=''), Key(color='#cccccc', labels=['6', '', '', '', '', '', '→', '', '', '', '', ''], text_color=[None, None, None, None, None, None, None, None, None, None, None, None], text_size=[None, None, None, None, None, None, None, None, None, None, None, None], default=KeyDefault(text_color='#000000', text_size=3), x=2.0, y=3.25, width=1, height=1, x2=0, y2=0, width2=1, height2=1, rotation_x=0.0, rotation_y=0.0, rotation_angle=0.0, decal=False, ghost=False, stepped=False, nub=False, profile='', sm='', sb='', st=''), Key(color='#cccccc', labels=['1', '', '', '', '', '', 'End', '', '', '', '', ''], text_color=[None, None, None, None, None, None, None, None, None, None, None, None], text_size=[None, None, None, None, None, None, None, None, None, None, None, None], default=KeyDefault(text_color='#000000', text_size=3), x=0.0, y=4.25, width=1, height=1, x2=0, y2=0, width2=1, height2=1, rotation_x=0.0, rotation_y=0.0, rotation_angle=0.0, decal=False, ghost=False, stepped=False, nub=False, profile='', sm='', sb='', st=''), Key(color='#cccccc', labels=['2', '', '', '', '', '', '↓', '', '', '', '', ''], text_color=[None, None, None, None, None, None, None, None, None, None, None, None], text_size=[None, None, None, None, None, None, None, None, None, None, None, None], default=KeyDefault(text_color='#000000', text_size=3), x=1.0, y=4.25, width=1, height=1, x2=0, y2=0, width2=1, height2=1, rotation_x=0.0, rotation_y=0.0, rotation_angle=0.0, decal=False, ghost=False, stepped=False, nub=False, profile='', sm='', sb='', st=''), Key(color='#cccccc', labels=['3', '', '', '', '', '', 'PgDn', '', '', '', '', ''], text_color=[None, None, None, None, None, None, None, None, None, None, None, None], text_size=[None, None, None, None, None, None, None, None, None, None, None, None], default=KeyDefault(text_color='#000000', text_size=3), x=2.0, y=4.25, width=1, height=1, x2=0, y2=0, width2=1, height2=1, rotation_x=0.0, rotation_y=0.0, rotation_angle=0.0, decal=False, ghost=False, stepped=False, nub=False, profile='', sm='', sb='', st=''), Key(color='#cccccc', labels=['Enter', '', '', '', '', '', '', '', '', '', '', ''], text_color=[None, None, None, None, None, None, None, None, None, None, None, None], text_size=[None, None, None, None, None, None, None, None, None, None, None, None], default=KeyDefault(text_color='#000000', text_size=3), x=3.0, y=4.25, width=1, height=2, x2=0, y2=0, width2=1, height2=2, rotation_x=0.0, rotation_y=0.0, rotation_angle=0.0, decal=False, ghost=False, stepped=False, nub=False, profile='', sm='', sb='', st=''), Key(color='#cccccc', labels=['0', '', '', '', '', '', 'Ins', '', '', '', '', ''], text_color=[None, None, None, None, None, None, None, None, None, None, None, None], text_size=[None, None, None, None, None, None, None, None, None, None, None, None], default=KeyDefault(text_color='#000000', text_size=3), x=0.0, y=5.25, width=2, height=1, x2=0, y2=0, width2=2, height2=1, rotation_x=0.0, rotation_y=0.0, rotation_angle=0.0, decal=False, ghost=False, stepped=False, nub=False, profile='', sm='', sb='', st=''), Key(color='#cccccc', labels=['.', '', '', '', '', '', 'Del', '', '', '', '', ''], text_color=[None, None, None, None, None, None, None, None, None, None, None, None], text_size=[None, None, None, None, None, None, None, None, None, None, None, None], default=KeyDefault(text_color='#000000', text_size=3), x=2.0, y=5.25, width=1, height=1, x2=0, y2=0, width2=1, height2=1, rotation_x=0.0, rotation_y=0.0, rotation_angle=0.0, decal=False, ghost=False, stepped=False, nub=False, profile='', sm='', sb='', st='')])
18:24:08 com_github_zykrah_kicad-kle-placer.kle_placer_action 181: [Key(color='#cccccc', labels=['NUM', '', '', 'Lock', '', '', '', '', '', '', '', ''], text_color=[None, None, None, None, None, None, None, None, None, None, None, None], text_size=[None, None, None, None, None, None, None, None, None, None, None, None], default=KeyDefault(text_color='#000000', text_size=3), x=0.0, y=1.25, width=1.0, height=1.0, x2=0.0, y2=0.0, width2=1.0, height2=1.0, rotation_x=0.0, rotation_y=0.0, rotation_angle=0.0, decal=False, ghost=False, stepped=False, nub=False, profile='', sm='', sb='', st=''), Key(color='#cccccc', labels=['', '', '', '', '', '', '', '', '', '', '', ''], text_color=[None, None, None, None, None, None, None, None, None, None, None, None], text_size=[None, None, None, None, None, None, None, None, None, None, None, None], default=KeyDefault(text_color='#000000', text_size=3), x=1.0, y=1.25, width=1, height=1, x2=0, y2=0, width2=1, height2=1, rotation_x=0.0, rotation_y=0.0, rotation_angle=0.0, decal=False, ghost=False, stepped=False, nub=False, profile='', sm='', sb='', st=''), Key(color='#cccccc', labels=['', '', '', '', '', '', '', '', '', '', '', ''], text_color=[None, None, None, None, None, None, None, None, None, None, None, None], text_size=[None, None, None, None, None, None, None, None, None, None, None, None], default=KeyDefault(text_color='#000000', text_size=3), x=2.0, y=1.25, width=1, height=1, x2=0, y2=0, width2=1, height2=1, rotation_x=0.0, rotation_y=0.0, rotation_angle=0.0, decal=False, ghost=False, stepped=False, nub=False, profile='', sm='', sb='', st=''), Key(color='#cccccc', labels=['', '', '', '', '', '', '', '', '', '', '', ''], text_color=[None, None, None, None, None, None, None, None, None, None, None, None], text_size=[None, None, None, None, None, None, None, None, None, None, None, None], default=KeyDefault(text_color='#000000', text_size=3), x=3.0, y=1.25, width=1, height=1, x2=0, y2=0, width2=1, height2=1, rotation_x=0.0, rotation_y=0.0, rotation_angle=0.0, decal=False, ghost=False, stepped=False, nub=False, profile='', sm='', sb='', st=''), Key(color='#cccccc', labels=['7', '', '', '', '', '', 'Home', '', '', '', '', ''], text_color=[None, None, None, None, None, None, None, None, None, None, None, None], text_size=[None, None, None, None, None, None, None, None, None, None, None, None], default=KeyDefault(text_color='#000000', text_size=3), x=0.0, y=2.25, width=1, height=1, x2=0, y2=0, width2=1, height2=1, rotation_x=0.0, rotation_y=0.0, rotation_angle=0.0, decal=False, ghost=False, stepped=False, nub=False, profile='', sm='', sb='', st=''), Key(color='#cccccc', labels=['8', '', '', '', '', '', '↑', '', '', '', '', ''], text_color=[None, None, None, None, None, None, None, None, None, None, None, None], text_size=[None, None, None, None, None, None, None, None, None, None, None, None], default=KeyDefault(text_color='#000000', text_size=3), x=1.0, y=2.25, width=1, height=1, x2=0, y2=0, width2=1, height2=1, rotation_x=0.0, rotation_y=0.0, rotation_angle=0.0, decal=False, ghost=False, stepped=False, nub=False, profile='', sm='', sb='', st=''), Key(color='#cccccc', labels=['9', '', '', '', '', '', 'PgUp', '', '', '', '', ''], text_color=[None, None, None, None, None, None, None, None, None, None, None, None], text_size=[None, None, None, None, None, None, None, None, None, None, None, None], default=KeyDefault(text_color='#000000', text_size=3), x=2.0, y=2.25, width=1, height=1, x2=0, y2=0, width2=1, height2=1, rotation_x=0.0, rotation_y=0.0, rotation_angle=0.0, decal=False, ghost=False, stepped=False, nub=False, profile='', sm='', sb='', st=''), Key(color='#cccccc', labels=['', '', '', '', '', '', '', '', '', '', '', ''], text_color=[None, None, None, None, None, None, None, None, None, None, None, None], text_size=[None, None, None, None, None, None, None, None, None, None, None, None], default=KeyDefault(text_color='#000000', text_size=3), x=3.0, y=2.25, width=1, height=2, x2=0, y2=0, width2=1, height2=2, rotation_x=0.0, rotation_y=0.0, rotation_angle=0.0, decal=False, ghost=False, stepped=False, nub=False, profile='', sm='', sb='', st=''), Key(color='#cccccc', labels=['4', '', '', '', '', '', '←', '', '', '', '', ''], text_color=[None, None, None, None, None, None, None, None, None, None, None, None], text_size=[None, None, None, None, None, None, None, None, None, None, None, None], default=KeyDefault(text_color='#000000', text_size=3), x=0.0, y=3.25, width=1, height=1, x2=0, y2=0, width2=1, height2=1, rotation_x=0.0, rotation_y=0.0, rotation_angle=0.0, decal=False, ghost=False, stepped=False, nub=False, profile='', sm='', sb='', st=''), Key(color='#cccccc', labels=['5', '', '', '', '', '', '', '', '', '', '', ''], text_color=[None, None, None, None, None, None, None, None, None, None, None, None], text_size=[None, None, None, None, None, None, None, None, None, None, None, None], default=KeyDefault(text_color='#000000', text_size=3), x=1.0, y=3.25, width=1, height=1, x2=0, y2=0, width2=1, height2=1, rotation_x=0.0, rotation_y=0.0, rotation_angle=0.0, decal=False, ghost=False, stepped=False, nub=False, profile='', sm='', sb='', st=''), Key(color='#cccccc', labels=['6', '', '', '', '', '', '→', '', '', '', '', ''], text_color=[None, None, None, None, None, None, None, None, None, None, None, None], text_size=[None, None, None, None, None, None, None, None, None, None, None, None], default=KeyDefault(text_color='#000000', text_size=3), x=2.0, y=3.25, width=1, height=1, x2=0, y2=0, width2=1, height2=1, rotation_x=0.0, rotation_y=0.0, rotation_angle=0.0, decal=False, ghost=False, stepped=False, nub=False, profile='', sm='', sb='', st=''), Key(color='#cccccc', labels=['1', '', '', '', '', '', 'End', '', '', '', '', ''], text_color=[None, None, None, None, None, None, None, None, None, None, None, None], text_size=[None, None, None, None, None, None, None, None, None, None, None, None], default=KeyDefault(text_color='#000000', text_size=3), x=0.0, y=4.25, width=1, height=1, x2=0, y2=0, width2=1, height2=1, rotation_x=0.0, rotation_y=0.0, rotation_angle=0.0, decal=False, ghost=False, stepped=False, nub=False, profile='', sm='', sb='', st=''), Key(color='#cccccc', labels=['2', '', '', '', '', '', '↓', '', '', '', '', ''], text_color=[None, None, None, None, None, None, None, None, None, None, None, None], text_size=[None, None, None, None, None, None, None, None, None, None, None, None], default=KeyDefault(text_color='#000000', text_size=3), x=1.0, y=4.25, width=1, height=1, x2=0, y2=0, width2=1, height2=1, rotation_x=0.0, rotation_y=0.0, rotation_angle=0.0, decal=False, ghost=False, stepped=False, nub=False, profile='', sm='', sb='', st=''), Key(color='#cccccc', labels=['3', '', '', '', '', '', 'PgDn', '', '', '', '', ''], text_color=[None, None, None, None, None, None, None, None, None, None, None, None], text_size=[None, None, None, None, None, None, None, None, None, None, None, None], default=KeyDefault(text_color='#000000', text_size=3), x=2.0, y=4.25, width=1, height=1, x2=0, y2=0, width2=1, height2=1, rotation_x=0.0, rotation_y=0.0, rotation_angle=0.0, decal=False, ghost=False, stepped=False, nub=False, profile='', sm='', sb='', st=''), Key(color='#cccccc', labels=['Enter', '', '', '', '', '', '', '', '', '', '', ''], text_color=[None, None, None, None, None, None, None, None, None, None, None, None], text_size=[None, None, None, None, None, None, None, None, None, None, None, None], default=KeyDefault(text_color='#000000', text_size=3), x=3.0, y=4.25, width=1, height=2, x2=0, y2=0, width2=1, height2=2, rotation_x=0.0, rotation_y=0.0, rotation_angle=0.0, decal=False, ghost=False, stepped=False, nub=False, profile='', sm='', sb='', st=''), Key(color='#cccccc', labels=['0', '', '', '', '', '', 'Ins', '', '', '', '', ''], text_color=[None, None, None, None, None, None, None, None, None, None, None, None], text_size=[None, None, None, None, None, None, None, None, None, None, None, None], default=KeyDefault(text_color='#000000', text_size=3), x=0.0, y=5.25, width=2, height=1, x2=0, y2=0, width2=2, height2=1, rotation_x=0.0, rotation_y=0.0, rotation_angle=0.0, decal=False, ghost=False, stepped=False, nub=False, profile='', sm='', sb='', st=''), Key(color='#cccccc', labels=['.', '', '', '', '', '', 'Del', '', '', '', '', ''], text_color=[None, None, None, None, None, None, None, None, None, None, None, None], text_size=[None, None, None, None, None, None, None, None, None, None, None, None], default=KeyDefault(text_color='#000000', text_size=3), x=2.0, y=5.25, width=1, height=1, x2=0, y2=0, width2=1, height2=1, rotation_x=0.0, rotation_y=0.0, rotation_angle=0.0, decal=False, ghost=False, stepped=False, nub=False, profile='', sm='', sb='', st='')]
18:24:08 com_github_zykrah_kicad-kle-placer.kle_placer_action 134: Searching for MX1 footprint
18:24:08 com_github_zykrah_kicad-kle-placer.kle_placer_action 348: first_key_pos (96260000, 47625000)
18:24:08 com_github_zykrah_kicad-kle-placer.kle_placer_action 361: default_key_rotation 180.0
18:24:08 com_github_zykrah_kicad-kle-placer.kle_placer_action 134: Searching for D1 footprint
18:24:08 com_github_zykrah_kicad-kle-placer.kle_placer_action 134: Searching for D1 footprint
18:24:08 com_github_zykrah_kicad-kle-placer.kle_placer_action 134: Searching for MX1 footprint
18:24:08 com_github_zykrah_kicad-kle-placer.kle_placer_action 134: Searching for S1 footprint
18:24:08 com_github_zykrah_kicad-kle-placer.kle_placer_action 142: Setting MX1 footprint position: (105785000, 57150000)
18:24:08 com_github_zykrah_kicad-kle-placer.kle_placer_action 142: Setting D1 footprint position: (115093750, 50006250)
18:24:08 com_github_zykrah_kicad-kle-placer.kle_placer_action 150: Rotating D1 footprint: rotationReference: (105785000, 57150000), rotationAngle: 0
18:24:08 com_github_zykrah_kicad-kle-placer.kle_placer_action 142: Setting S1 footprint position: (105785000, 57150000)
18:24:08 com_github_zykrah_kicad-kle-placer.kle_placer_action 134: Searching for D2 footprint
18:24:08 com_github_zykrah_kicad-kle-placer.kle_placer_action 134: Searching for MX2 footprint
18:24:08 com_github_zykrah_kicad-kle-placer.kle_placer_action 134: Searching for S2 footprint
18:24:08 com_github_zykrah_kicad-kle-placer.kle_placer_action 142: Setting MX2 footprint position: (124835000, 57150000)
18:24:08 com_github_zykrah_kicad-kle-placer.kle_placer_action 142: Setting D2 footprint position: (134143750, 50006250)
18:24:08 com_github_zykrah_kicad-kle-placer.kle_placer_action 150: Rotating D2 footprint: rotationReference: (124835000, 57150000), rotationAngle: 0
18:24:08 com_github_zykrah_kicad-kle-placer.kle_placer_action 142: Setting S2 footprint position: (124835000, 57150000)
18:24:08 com_github_zykrah_kicad-kle-placer.kle_placer_action 134: Searching for D3 footprint
18:24:08 com_github_zykrah_kicad-kle-placer.kle_placer_action 134: Searching for MX3 footprint
18:24:08 com_github_zykrah_kicad-kle-placer.kle_placer_action 134: Searching for S3 footprint
18:24:08 com_github_zykrah_kicad-kle-placer.kle_placer_action 142: Setting MX3 footprint position: (143885000, 57150000)
18:24:08 com_github_zykrah_kicad-kle-placer.kle_placer_action 142: Setting D3 footprint position: (153193750, 50006250)
18:24:08 com_github_zykrah_kicad-kle-placer.kle_placer_action 150: Rotating D3 footprint: rotationReference: (143885000, 57150000), rotationAngle: 0
18:24:08 com_github_zykrah_kicad-kle-placer.kle_placer_action 142: Setting S3 footprint position: (143885000, 57150000)
18:24:08 com_github_zykrah_kicad-kle-placer.kle_placer_action 134: Searching for D4 footprint
18:24:08 com_github_zykrah_kicad-kle-placer.kle_placer_action 134: Searching for MX4 footprint
18:24:08 com_github_zykrah_kicad-kle-placer.kle_placer_action 134: Searching for S4 footprint
18:24:08 com_github_zykrah_kicad-kle-placer.kle_placer_action 142: Setting MX4 footprint position: (162935000, 57150000)
18:24:08 com_github_zykrah_kicad-kle-placer.kle_placer_action 142: Setting D4 footprint position: (172243750, 50006250)
18:24:08 com_github_zykrah_kicad-kle-placer.kle_placer_action 150: Rotating D4 footprint: rotationReference: (162935000, 57150000), rotationAngle: 0
18:24:08 com_github_zykrah_kicad-kle-placer.kle_placer_action 134: Searching for D5 footprint
18:24:08 com_github_zykrah_kicad-kle-placer.kle_placer_action 134: Searching for MX5 footprint
18:24:08 com_github_zykrah_kicad-kle-placer.kle_placer_action 134: Searching for S5 footprint
18:24:08 com_github_zykrah_kicad-kle-placer.kle_placer_action 142: Setting MX5 footprint position: (105785000, 76200000)
18:24:08 com_github_zykrah_kicad-kle-placer.kle_placer_action 142: Setting D5 footprint position: (115093750, 69056250)
18:24:08 com_github_zykrah_kicad-kle-placer.kle_placer_action 150: Rotating D5 footprint: rotationReference: (105785000, 76200000), rotationAngle: 0
18:24:08 com_github_zykrah_kicad-kle-placer.kle_placer_action 134: Searching for D6 footprint
18:24:08 com_github_zykrah_kicad-kle-placer.kle_placer_action 134: Searching for MX6 footprint
18:24:08 com_github_zykrah_kicad-kle-placer.kle_placer_action 134: Searching for S6 footprint
18:24:08 com_github_zykrah_kicad-kle-placer.kle_placer_action 142: Setting MX6 footprint position: (124835000, 76200000)
18:24:08 com_github_zykrah_kicad-kle-placer.kle_placer_action 142: Setting D6 footprint position: (134143750, 69056250)
18:24:08 com_github_zykrah_kicad-kle-placer.kle_placer_action 150: Rotating D6 footprint: rotationReference: (124835000, 76200000), rotationAngle: 0
18:24:08 com_github_zykrah_kicad-kle-placer.kle_placer_action 134: Searching for D7 footprint
18:24:08 com_github_zykrah_kicad-kle-placer.kle_placer_action 134: Searching for MX7 footprint
18:24:08 com_github_zykrah_kicad-kle-placer.kle_placer_action 134: Searching for S7 footprint
18:24:08 com_github_zykrah_kicad-kle-placer.kle_placer_action 142: Setting MX7 footprint position: (143885000, 76200000)
18:24:08 com_github_zykrah_kicad-kle-placer.kle_placer_action 142: Setting D7 footprint position: (153193750, 69056250)
18:24:08 com_github_zykrah_kicad-kle-placer.kle_placer_action 150: Rotating D7 footprint: rotationReference: (143885000, 76200000), rotationAngle: 0
18:24:08 com_github_zykrah_kicad-kle-placer.kle_placer_action 134: Searching for D8 footprint
18:24:08 com_github_zykrah_kicad-kle-placer.kle_placer_action 134: Searching for MX8 footprint
18:24:08 com_github_zykrah_kicad-kle-placer.kle_placer_action 134: Searching for S8 footprint
18:24:08 com_github_zykrah_kicad-kle-placer.kle_placer_action 142: Setting MX8 footprint position: (162935000, 85725000)
18:24:08 com_github_zykrah_kicad-kle-placer.kle_placer_action 142: Setting D8 footprint position: (172243750, 78581250)
18:24:08 com_github_zykrah_kicad-kle-placer.kle_placer_action 150: Rotating D8 footprint: rotationReference: (162935000, 85725000), rotationAngle: 0
18:24:08 com_github_zykrah_kicad-kle-placer.kle_placer_action 134: Searching for D9 footprint
18:24:08 com_github_zykrah_kicad-kle-placer.kle_placer_action 134: Searching for MX9 footprint
18:24:08 com_github_zykrah_kicad-kle-placer.kle_placer_action 134: Searching for S9 footprint
18:24:08 com_github_zykrah_kicad-kle-placer.kle_placer_action 142: Setting MX9 footprint position: (105785000, 95250000)
18:24:08 com_github_zykrah_kicad-kle-placer.kle_placer_action 142: Setting D9 footprint position: (115093750, 88106250)
18:24:08 com_github_zykrah_kicad-kle-placer.kle_placer_action 150: Rotating D9 footprint: rotationReference: (105785000, 95250000), rotationAngle: 0
18:24:08 com_github_zykrah_kicad-kle-placer.kle_placer_action 134: Searching for D10 footprint
18:24:08 com_github_zykrah_kicad-kle-placer.kle_placer_action 134: Searching for MX10 footprint
18:24:08 com_github_zykrah_kicad-kle-placer.kle_placer_action 134: Searching for S10 footprint
18:24:08 com_github_zykrah_kicad-kle-placer.kle_placer_action 142: Setting MX10 footprint position: (124835000, 95250000)
18:24:08 com_github_zykrah_kicad-kle-placer.kle_placer_action 142: Setting D10 footprint position: (134143750, 88106250)
18:24:08 com_github_zykrah_kicad-kle-placer.kle_placer_action 150: Rotating D10 footprint: rotationReference: (124835000, 95250000), rotationAngle: 0
18:24:08 com_github_zykrah_kicad-kle-placer.kle_placer_action 134: Searching for D11 footprint
18:24:08 com_github_zykrah_kicad-kle-placer.kle_placer_action 134: Searching for MX11 footprint
18:24:08 com_github_zykrah_kicad-kle-placer.kle_placer_action 134: Searching for S11 footprint
18:24:08 com_github_zykrah_kicad-kle-placer.kle_placer_action 142: Setting MX11 footprint position: (143885000, 95250000)
18:24:08 com_github_zykrah_kicad-kle-placer.kle_placer_action 142: Setting D11 footprint position: (153193750, 88106250)
18:24:08 com_github_zykrah_kicad-kle-placer.kle_placer_action 150: Rotating D11 footprint: rotationReference: (143885000, 95250000), rotationAngle: 0
18:24:08 com_github_zykrah_kicad-kle-placer.kle_placer_action 134: Searching for D12 footprint
18:24:08 com_github_zykrah_kicad-kle-placer.kle_placer_action 134: Searching for MX12 footprint
18:24:08 com_github_zykrah_kicad-kle-placer.kle_placer_action 134: Searching for S12 footprint
18:24:08 com_github_zykrah_kicad-kle-placer.kle_placer_action 142: Setting MX12 footprint position: (105785000, 114300000)
18:24:08 com_github_zykrah_kicad-kle-placer.kle_placer_action 142: Setting D12 footprint position: (115093750, 107156250)
18:24:08 com_github_zykrah_kicad-kle-placer.kle_placer_action 150: Rotating D12 footprint: rotationReference: (105785000, 114300000), rotationAngle: 0
18:24:08 com_github_zykrah_kicad-kle-placer.kle_placer_action 134: Searching for D13 footprint
18:24:08 com_github_zykrah_kicad-kle-placer.kle_placer_action 134: Searching for MX13 footprint
18:24:08 com_github_zykrah_kicad-kle-placer.kle_placer_action 134: Searching for S13 footprint
18:24:08 com_github_zykrah_kicad-kle-placer.kle_placer_action 142: Setting MX13 footprint position: (124835000, 114300000)
18:24:08 com_github_zykrah_kicad-kle-placer.kle_placer_action 142: Setting D13 footprint position: (134143750, 107156250)
18:24:08 com_github_zykrah_kicad-kle-placer.kle_placer_action 150: Rotating D13 footprint: rotationReference: (124835000, 114300000), rotationAngle: 0
18:24:08 com_github_zykrah_kicad-kle-placer.kle_placer_action 134: Searching for D14 footprint
18:24:08 com_github_zykrah_kicad-kle-placer.kle_placer_action 134: Searching for MX14 footprint
18:24:08 com_github_zykrah_kicad-kle-placer.kle_placer_action 134: Searching for S14 footprint
18:24:08 com_github_zykrah_kicad-kle-placer.kle_placer_action 142: Setting MX14 footprint position: (143885000, 114300000)
18:24:08 com_github_zykrah_kicad-kle-placer.kle_placer_action 142: Setting D14 footprint position: (153193750, 107156250)
18:24:08 com_github_zykrah_kicad-kle-placer.kle_placer_action 150: Rotating D14 footprint: rotationReference: (143885000, 114300000), rotationAngle: 0
18:24:08 com_github_zykrah_kicad-kle-placer.kle_placer_action 134: Searching for D15 footprint
18:24:08 com_github_zykrah_kicad-kle-placer.kle_placer_action 134: Searching for MX15 footprint
18:24:08 com_github_zykrah_kicad-kle-placer.kle_placer_action 134: Searching for S15 footprint
18:24:08 com_github_zykrah_kicad-kle-placer.kle_placer_action 142: Setting MX15 footprint position: (162935000, 123825000)
18:24:08 com_github_zykrah_kicad-kle-placer.kle_placer_action 142: Setting D15 footprint position: (172243750, 116681250)
18:24:08 com_github_zykrah_kicad-kle-placer.kle_placer_action 150: Rotating D15 footprint: rotationReference: (162935000, 123825000), rotationAngle: 0
18:24:08 com_github_zykrah_kicad-kle-placer.kle_placer_action 134: Searching for D16 footprint
18:24:08 com_github_zykrah_kicad-kle-placer.kle_placer_action 134: Searching for MX16 footprint
18:24:08 com_github_zykrah_kicad-kle-placer.kle_placer_action 134: Searching for S16 footprint
18:24:08 com_github_zykrah_kicad-kle-placer.kle_placer_action 142: Setting MX16 footprint position: (115310000, 133350000)
18:24:08 com_github_zykrah_kicad-kle-placer.kle_placer_action 142: Setting D16 footprint position: (124618750, 126206250)
18:24:08 com_github_zykrah_kicad-kle-placer.kle_placer_action 150: Rotating D16 footprint: rotationReference: (115310000, 133350000), rotationAngle: 0
18:24:08 com_github_zykrah_kicad-kle-placer.kle_placer_action 134: Searching for D17 footprint
18:24:08 com_github_zykrah_kicad-kle-placer.kle_placer_action 134: Searching for MX17 footprint
18:24:08 com_github_zykrah_kicad-kle-placer.kle_placer_action 134: Searching for S17 footprint
18:24:08 com_github_zykrah_kicad-kle-placer.kle_placer_action 142: Setting MX17 footprint position: (143885000, 133350000)
18:24:08 com_github_zykrah_kicad-kle-placer.kle_placer_action 142: Setting D17 footprint position: (153193750, 126206250)
18:24:08 com_github_zykrah_kicad-kle-placer.kle_placer_action 150: Rotating D17 footprint: rotationReference: (143885000, 133350000), rotationAngle: 0
